<?xml version="1.0" encoding="UTF-8"?>
<beans xmlns="http://www.springframework.org/schema/beans"
    xmlns:camel="http://camel.apache.org/schema/spring"
    xmlns:xsi="http://www.w3.org/2001/XMLSchema-instance" xsi:schemaLocation="http://www.springframework.org/schema/beans http://www.springframework.org/schema/beans/spring-beans-3.0.xsd        http://camel.apache.org/schema/spring http://camel.apache.org/schema/spring/camel-spring.xsd">
    <camelContext id="camelContext-test-deploy" trace="false" xmlns="http://camel.apache.org/schema/spring">
        <!--   <route autoStartup="true" id="_route1">
            <from id="_from1" uri="direct:a"/>
            <loop id="_loop1">
                <constant>5</constant>
                <log id="_log1" message="test-camel-context! ${body.length}"/>
            </loop>
            <pipeline id="_pipeline1"/>
        </route> -->
        <route id="_route2">
            <from id="_from1" uri="activemq:SomeQueue"/>
            <multicast id="_multicast1">
                <pipeline id="_pipeline1">
                    <bean id="_bean1" ref="something"/>
                    <to id="_to1" uri="log:Something"/>
                </pipeline>
                <pipeline id="_pipeline2">
                    <bean id="_bean2" ref="foo"/>
                    <bean id="_bean3" ref="bar"/>
                    <to id="_to2" uri="activemq:OutputQueue"/>
                </pipeline>
            </multicast>
        </route>
    </camelContext>
</beans>
